<?xml version="1.0" encoding="UTF-8"?>
<!-- Generated by org.testng.reporters.JUnitReportReporter -->
<testsuite hostname="2da39e0495b4" failures="0" tests="9" name="com.thakurkumarrahul.test.vendorPortal.VendorPortalTest" time="59.784" errors="0" timestamp="2024-11-19T03:38:55 GMT" skipped="0">
  <testcase classname="com.thakurkumarrahul.test.vendorPortal.VendorPortalTest" name="logintest" time="6.713"/>
  <testcase classname="com.thakurkumarrahul.test.vendorPortal.VendorPortalTest" name="dashboardTest" time="6.043"/>
  <testcase classname="com.thakurkumarrahul.test.vendorPortal.VendorPortalTest" name="logoutTest" time="7.170"/>
  <testcase classname="com.thakurkumarrahul.test.vendorPortal.VendorPortalTest" name="dashboardTest" time="6.033"/>
  <testcase classname="com.thakurkumarrahul.test.vendorPortal.VendorPortalTest" name="logintest" time="6.714"/>
  <testcase classname="com.thakurkumarrahul.test.vendorPortal.VendorPortalTest" name="logintest" time="6.731"/>
  <testcase classname="com.thakurkumarrahul.test.vendorPortal.VendorPortalTest" name="logoutTest" time="7.176"/>
  <testcase classname="com.thakurkumarrahul.test.vendorPortal.VendorPortalTest" name="logoutTest" time="7.173"/>
  <testcase classname="com.thakurkumarrahul.test.vendorPortal.VendorPortalTest" name="dashboardTest" time="6.031"/>
</testsuite> <!-- com.thakurkumarrahul.test.vendorPortal.VendorPortalTest -->
